# JRE version: OpenJDK Runtime Environment Microsoft-7208460 (11.0.18+10) (build 11.0.18+10-LTS)
# Java VM: OpenJDK 64-Bit Server VM Microsoft-7208460 (11.0.18+10-LTS, mixed mode, tiered, compressed oops, g1 gc, windows-amd64)
Heap:
 garbage-first heap   total 131072K, used 59877K [0x0000000080000000, 0x0000000100000000)
  region size 1024K, 5 young (5120K), 1 survivors (1024K)
 Metaspace       used 75480K, capacity 77804K, committed 78032K, reserved 583680K
  class space    used 9833K, capacity 10796K, committed 10880K, reserved 516096K
GC Heap History (20 events):
Event: 340.831 GC heap before
{Heap before GC invocations=12 (full 0):
 garbage-first heap   total 131072K, used 101151K [0x0000000080000000, 0x0000000100000000)
  region size 1024K, 71 young (72704K), 3 survivors (3072K)
 Metaspace       used 51303K, capacity 52665K, committed 52816K, reserved 563200K
  class space    used 6535K, capacity 7078K, committed 7168K, reserved 516096K
}
Event: 340.853 GC heap after
{Heap after GC invocations=13 (full 0):
 garbage-first heap   total 131072K, used 33139K [0x0000000080000000, 0x0000000100000000)
  region size 1024K, 5 young (5120K), 5 survivors (5120K)
 Metaspace       used 51303K, capacity 52665K, committed 52816K, reserved 563200K
  class space    used 6535K, capacity 7078K, committed 7168K, reserved 516096K
}
Event: 382.654 GC heap before
{Heap before GC invocations=13 (full 0):
 garbage-first heap   total 131072K, used 108915K [0x0000000080000000, 0x0000000100000000)
  region size 1024K, 73 young (74752K), 5 survivors (5120K)
 Metaspace       used 57308K, capacity 58926K, committed 59088K, reserved 567296K
  class space    used 7363K, capacity 8037K, committed 8064K, reserved 516096K
}
Event: 382.671 GC heap after
{Heap after GC invocations=14 (full 0):
 garbage-first heap   total 131072K, used 43388K [0x0000000080000000, 0x0000000100000000)
  region size 1024K, 9 young (9216K), 9 survivors (9216K)
 Metaspace       used 57308K, capacity 58926K, committed 59088K, reserved 567296K
  class space    used 7363K, capacity 8037K, committed 8064K, reserved 516096K
}
Event: 395.914 GC heap before
{Heap before GC invocations=14 (full 0):
 garbage-first heap   total 131072K, used 105852K [0x0000000080000000, 0x0000000100000000)
  region size 1024K, 70 young (71680K), 9 survivors (9216K)
 Metaspace       used 62162K, capacity 63971K, committed 64208K, reserved 573440K
  class space    used 8041K, capacity 8781K, committed 8832K, reserved 516096K
}
Event: 396.036 GC heap after
{Heap after GC invocations=15 (full 0):
 garbage-first heap   total 131072K, used 45919K [0x0000000080000000, 0x0000000100000000)
  region size 1024K, 7 young (7168K), 7 survivors (7168K)
 Metaspace       used 62162K, capacity 63971K, committed 64208K, reserved 573440K
  class space    used 8041K, capacity 8781K, committed 8832K, reserved 516096K
}
Event: 450.220 GC heap before
{Heap before GC invocations=15 (full 0):
 garbage-first heap   total 131072K, used 106335K [0x0000000080000000, 0x0000000100000000)
  region size 1024K, 67 young (68608K), 7 survivors (7168K)
 Metaspace       used 66255K, capacity 68182K, committed 68304K, reserved 575488K
  class space    used 8537K, capacity 9319K, committed 9344K, reserved 516096K
}
Event: 450.244 GC heap after
{Heap after GC invocations=16 (full 0):
 garbage-first heap   total 131072K, used 48128K [0x0000000080000000, 0x0000000100000000)
  region size 1024K, 5 young (5120K), 5 survivors (5120K)
 Metaspace       used 66255K, capacity 68182K, committed 68304K, reserved 575488K
  class space    used 8537K, capacity 9319K, committed 9344K, reserved 516096K
}
Event: 464.895 GC heap before
{Heap before GC invocations=16 (full 0):
 garbage-first heap   total 131072K, used 106496K [0x0000000080000000, 0x0000000100000000)
  region size 1024K, 63 young (64512K), 5 survivors (5120K)
 Metaspace       used 69219K, capacity 71287K, committed 71376K, reserved 579584K
  class space    used 8953K, capacity 9791K, committed 9856K, reserved 516096K
}
Event: 464.927 GC heap after
{Heap after GC invocations=17 (full 0):
 garbage-first heap   total 131072K, used 51659K [0x0000000080000000, 0x0000000100000000)
  region size 1024K, 6 young (6144K), 6 survivors (6144K)
 Metaspace       used 69219K, capacity 71287K, committed 71376K, reserved 579584K
  class space    used 8953K, capacity 9791K, committed 9856K, reserved 516096K
}
Event: 508.592 GC heap before
{Heap before GC invocations=18 (full 0):
 garbage-first heap   total 131072K, used 106955K [0x0000000080000000, 0x0000000100000000)
  region size 1024K, 61 young (62464K), 6 survivors (6144K)
 Metaspace       used 72791K, capacity 74971K, committed 75216K, reserved 581632K
  class space    used 9426K, capacity 10347K, committed 10368K, reserved 516096K
}
Event: 511.368 GC heap after
{Heap after GC invocations=19 (full 0):
 garbage-first heap   total 131072K, used 56267K [0x0000000080000000, 0x0000000100000000)
  region size 1024K, 8 young (8192K), 8 survivors (8192K)
 Metaspace       used 72791K, capacity 74971K, committed 75216K, reserved 581632K
  class space    used 9426K, capacity 10347K, committed 10368K, reserved 516096K
}
Event: 516.702 GC heap before
{Heap before GC invocations=19 (full 0):
 garbage-first heap   total 131072K, used 57291K [0x0000000080000000, 0x0000000100000000)
  region size 1024K, 9 young (9216K), 8 survivors (8192K)
 Metaspace       used 72795K, capacity 74971K, committed 75216K, reserved 581632K
  class space    used 9426K, capacity 10347K, committed 10368K, reserved 516096K
}
Event: 518.805 GC heap after
{Heap after GC invocations=20 (full 0):
 garbage-first heap   total 131072K, used 57392K [0x0000000080000000, 0x0000000100000000)
  region size 1024K, 2 young (2048K), 2 survivors (2048K)
 Metaspace       used 72795K, capacity 74971K, committed 75216K, reserved 581632K
  class space    used 9426K, capacity 10347K, committed 10368K, reserved 516096K
}
Event: 522.334 GC heap before
{Heap before GC invocations=20 (full 0):
 garbage-first heap   total 131072K, used 61488K [0x0000000080000000, 0x0000000100000000)
  region size 1024K, 6 young (6144K), 2 survivors (2048K)
 Metaspace       used 73152K, capacity 75347K, committed 75600K, reserved 581632K
  class space    used 9488K, capacity 10409K, committed 10496K, reserved 516096K
}
Event: 522.338 GC heap after
{Heap after GC invocations=21 (full 0):
 garbage-first heap   total 131072K, used 56420K [0x0000000080000000, 0x0000000100000000)
  region size 1024K, 1 young (1024K), 1 survivors (1024K)
 Metaspace       used 73152K, capacity 75347K, committed 75600K, reserved 581632K
  class space    used 9488K, capacity 10409K, committed 10496K, reserved 516096K
}
Event: 524.801 GC heap before
{Heap before GC invocations=21 (full 0):
 garbage-first heap   total 131072K, used 61540K [0x0000000080000000, 0x0000000100000000)
  region size 1024K, 6 young (6144K), 1 survivors (1024K)
 Metaspace       used 73819K, capacity 76143K, committed 76496K, reserved 583680K
  class space    used 9570K, capacity 10519K, committed 10624K, reserved 516096K
}
Event: 524.861 GC heap after
{Heap after GC invocations=22 (full 0):
 garbage-first heap   total 131072K, used 56442K [0x0000000080000000, 0x0000000100000000)
  region size 1024K, 1 young (1024K), 1 survivors (1024K)
 Metaspace       used 73819K, capacity 76143K, committed 76496K, reserved 583680K
  class space    used 9570K, capacity 10519K, committed 10624K, reserved 516096K
}
Event: 527.001 GC heap before
{Heap before GC invocations=22 (full 0):
 garbage-first heap   total 131072K, used 63610K [0x0000000080000000, 0x0000000100000000)
  region size 1024K, 8 young (8192K), 1 survivors (1024K)
 Metaspace       used 74688K, capacity 77037K, committed 77136K, reserved 583680K
  class space    used 9715K, capacity 10674K, committed 10752K, reserved 516096K
}
Event: 527.005 GC heap after
{Heap after GC invocations=23 (full 0):
 garbage-first heap   total 131072K, used 56805K [0x0000000080000000, 0x0000000100000000)
  region size 1024K, 1 young (1024K), 1 survivors (1024K)
 Metaspace       used 74688K, capacity 77037K, committed 77136K, reserved 583680K
  class space    used 9715K, capacity 10674K, committed 10752K, reserved 516096K
}

