# JRE version: OpenJDK Runtime Environment Microsoft-7208460 (11.0.18+10) (build 11.0.18+10-LTS)
# Java VM: OpenJDK 64-Bit Server VM Microsoft-7208460 (11.0.18+10-LTS, mixed mode, tiered, compressed oops, g1 gc, windows-amd64)
Heap:
 garbage-first heap   total 131072K, used 87747K [0x0000000080000000, 0x0000000100000000)
  region size 1024K, 43 young (44032K), 8 survivors (8192K)
 Metaspace       used 72851K, capacity 75040K, committed 75216K, reserved 581632K
  class space    used 9423K, capacity 10346K, committed 10368K, reserved 516096K
GC Heap History (20 events):
Event: 114.574 GC heap before
{Heap before GC invocations=8 (full 0):
 garbage-first heap   total 131072K, used 32356K [0x0000000080000000, 0x0000000100000000)
  region size 1024K, 16 young (16384K), 5 survivors (5120K)
 Metaspace       used 34968K, capacity 35797K, committed 35920K, reserved 548864K
  class space    used 4440K, capacity 4780K, committed 4864K, reserved 516096K
}
Event: 114.586 GC heap after
{Heap after GC invocations=9 (full 0):
 garbage-first heap   total 131072K, used 23542K [0x0000000080000000, 0x0000000100000000)
  region size 1024K, 6 young (6144K), 6 survivors (6144K)
 Metaspace       used 34968K, capacity 35797K, committed 35920K, reserved 548864K
  class space    used 4440K, capacity 4780K, committed 4864K, reserved 516096K
}
Event: 149.698 GC heap before
{Heap before GC invocations=10 (full 0):
 garbage-first heap   total 131072K, used 87030K [0x0000000080000000, 0x0000000100000000)
  region size 1024K, 66 young (67584K), 6 survivors (6144K)
 Metaspace       used 41012K, capacity 42053K, committed 42192K, reserved 552960K
  class space    used 5126K, capacity 5495K, committed 5504K, reserved 516096K
}
Event: 149.959 GC heap after
{Heap after GC invocations=11 (full 0):
 garbage-first heap   total 131072K, used 29237K [0x0000000080000000, 0x0000000100000000)
  region size 1024K, 9 young (9216K), 9 survivors (9216K)
 Metaspace       used 41012K, capacity 42053K, committed 42192K, reserved 552960K
  class space    used 5126K, capacity 5495K, committed 5504K, reserved 516096K
}
Event: 246.765 GC heap before
{Heap before GC invocations=12 (full 0):
 garbage-first heap   total 131072K, used 69173K [0x0000000080000000, 0x0000000100000000)
  region size 1024K, 48 young (49152K), 9 survivors (9216K)
 Metaspace       used 43122K, capacity 44297K, committed 44496K, reserved 555008K
  class space    used 5431K, capacity 5914K, committed 6016K, reserved 516096K
}
Event: 246.791 GC heap after
{Heap after GC invocations=13 (full 0):
 garbage-first heap   total 131072K, used 30681K [0x0000000080000000, 0x0000000100000000)
  region size 1024K, 3 young (3072K), 3 survivors (3072K)
 Metaspace       used 43122K, capacity 44297K, committed 44496K, reserved 555008K
  class space    used 5431K, capacity 5914K, committed 6016K, reserved 516096K
}
Event: 346.716 GC heap before
{Heap before GC invocations=13 (full 0):
 garbage-first heap   total 131072K, used 92121K [0x0000000080000000, 0x0000000100000000)
  region size 1024K, 63 young (64512K), 3 survivors (3072K)
 Metaspace       used 47612K, capacity 48899K, committed 49232K, reserved 559104K
  class space    used 6028K, capacity 6570K, committed 6656K, reserved 516096K
}
Event: 346.737 GC heap after
{Heap after GC invocations=14 (full 0):
 garbage-first heap   total 131072K, used 32520K [0x0000000080000000, 0x0000000100000000)
  region size 1024K, 5 young (5120K), 5 survivors (5120K)
 Metaspace       used 47612K, capacity 48899K, committed 49232K, reserved 559104K
  class space    used 6028K, capacity 6570K, committed 6656K, reserved 516096K
}
Event: 399.185 GC heap before
{Heap before GC invocations=14 (full 0):
 garbage-first heap   total 131072K, used 94984K [0x0000000080000000, 0x0000000100000000)
  region size 1024K, 66 young (67584K), 5 survivors (5120K)
 Metaspace       used 52024K, capacity 53513K, committed 53712K, reserved 563200K
  class space    used 6645K, capacity 7257K, committed 7296K, reserved 516096K
}
Event: 399.201 GC heap after
{Heap after GC invocations=15 (full 0):
 garbage-first heap   total 131072K, used 34021K [0x0000000080000000, 0x0000000100000000)
  region size 1024K, 6 young (6144K), 6 survivors (6144K)
 Metaspace       used 52024K, capacity 53513K, committed 53712K, reserved 563200K
  class space    used 6645K, capacity 7257K, committed 7296K, reserved 516096K
}
Event: 434.774 GC heap before
{Heap before GC invocations=15 (full 0):
 garbage-first heap   total 131072K, used 103653K [0x0000000080000000, 0x0000000100000000)
  region size 1024K, 69 young (70656K), 6 survivors (6144K)
 Metaspace       used 58181K, capacity 59911K, committed 60112K, reserved 569344K
  class space    used 7498K, capacity 8219K, committed 8320K, reserved 516096K
}
Event: 434.804 GC heap after
{Heap after GC invocations=16 (full 0):
 garbage-first heap   total 131072K, used 44277K [0x0000000080000000, 0x0000000100000000)
  region size 1024K, 8 young (8192K), 8 survivors (8192K)
 Metaspace       used 58181K, capacity 59911K, committed 60112K, reserved 569344K
  class space    used 7498K, capacity 8219K, committed 8320K, reserved 516096K
}
Event: 441.853 GC heap before
{Heap before GC invocations=16 (full 0):
 garbage-first heap   total 131072K, used 102645K [0x0000000080000000, 0x0000000100000000)
  region size 1024K, 65 young (66560K), 8 survivors (8192K)
 Metaspace       used 62938K, capacity 64728K, committed 64848K, reserved 573440K
  class space    used 8122K, capacity 8843K, committed 8960K, reserved 516096K
}
Event: 442.041 GC heap after
{Heap after GC invocations=17 (full 0):
 garbage-first heap   total 131072K, used 46421K [0x0000000080000000, 0x0000000100000000)
  region size 1024K, 7 young (7168K), 7 survivors (7168K)
 Metaspace       used 62938K, capacity 64728K, committed 64848K, reserved 573440K
  class space    used 8122K, capacity 8843K, committed 8960K, reserved 516096K
}
Event: 474.128 GC heap before
{Heap before GC invocations=17 (full 0):
 garbage-first heap   total 131072K, used 103765K [0x0000000080000000, 0x0000000100000000)
  region size 1024K, 64 young (65536K), 7 survivors (7168K)
 Metaspace       used 66708K, capacity 68617K, committed 68944K, reserved 577536K
  class space    used 8613K, capacity 9381K, committed 9472K, reserved 516096K
}
Event: 474.297 GC heap after
{Heap after GC invocations=18 (full 0):
 garbage-first heap   total 131072K, used 48985K [0x0000000080000000, 0x0000000100000000)
  region size 1024K, 5 young (5120K), 5 survivors (5120K)
 Metaspace       used 66708K, capacity 68617K, committed 68944K, reserved 577536K
  class space    used 8613K, capacity 9381K, committed 9472K, reserved 516096K
}
Event: 482.806 GC heap before
{Heap before GC invocations=18 (full 0):
 garbage-first heap   total 131072K, used 78681K [0x0000000080000000, 0x0000000100000000)
  region size 1024K, 35 young (35840K), 5 survivors (5120K)
 Metaspace       used 68157K, capacity 70145K, committed 70224K, reserved 577536K
  class space    used 8826K, capacity 9653K, committed 9728K, reserved 516096K
}
Event: 482.873 GC heap after
{Heap after GC invocations=19 (full 0):
 garbage-first heap   total 131072K, used 50703K [0x0000000080000000, 0x0000000100000000)
  region size 1024K, 5 young (5120K), 5 survivors (5120K)
 Metaspace       used 68157K, capacity 70145K, committed 70224K, reserved 577536K
  class space    used 8826K, capacity 9653K, committed 9728K, reserved 516096K
}
Event: 553.068 GC heap before
{Heap before GC invocations=20 (full 0):
 garbage-first heap   total 131072K, used 103951K [0x0000000080000000, 0x0000000100000000)
  region size 1024K, 57 young (58368K), 5 survivors (5120K)
 Metaspace       used 70502K, capacity 72716K, committed 72912K, reserved 579584K
  class space    used 9151K, capacity 10046K, committed 10112K, reserved 516096K
}
Event: 553.093 GC heap after
{Heap after GC invocations=21 (full 0):
 garbage-first heap   total 131072K, used 53955K [0x0000000080000000, 0x0000000100000000)
  region size 1024K, 8 young (8192K), 8 survivors (8192K)
 Metaspace       used 70502K, capacity 72716K, committed 72912K, reserved 579584K
  class space    used 9151K, capacity 10046K, committed 10112K, reserved 516096K
}

