# JRE version: OpenJDK Runtime Environment Microsoft-7208460 (11.0.18+10) (build 11.0.18+10-LTS)
# Java VM: OpenJDK 64-Bit Server VM Microsoft-7208460 (11.0.18+10-LTS, mixed mode, tiered, compressed oops, g1 gc, windows-amd64)
Heap:
 garbage-first heap   total 131072K, used 61469K [0x0000000080000000, 0x0000000100000000)
  region size 1024K, 13 young (13312K), 8 survivors (8192K)
 Metaspace       used 78819K, capacity 81187K, committed 81488K, reserved 587776K
  class space    used 10691K, capacity 11681K, committed 11776K, reserved 516096K
GC Heap History (20 events):
Event: 147.208 GC heap before
{Heap before GC invocations=10 (full 0):
 garbage-first heap   total 131072K, used 90610K [0x0000000080000000, 0x0000000100000000)
  region size 1024K, 69 young (70656K), 6 survivors (6144K)
 Metaspace       used 41074K, capacity 42158K, committed 42320K, reserved 552960K
  class space    used 5138K, capacity 5531K, committed 5632K, reserved 516096K
}
Event: 147.518 GC heap after
{Heap after GC invocations=11 (full 0):
 garbage-first heap   total 131072K, used 28981K [0x0000000080000000, 0x0000000100000000)
  region size 1024K, 9 young (9216K), 9 survivors (9216K)
 Metaspace       used 41074K, capacity 42158K, committed 42320K, reserved 552960K
  class space    used 5138K, capacity 5531K, committed 5632K, reserved 516096K
}
Event: 248.037 GC heap before
{Heap before GC invocations=11 (full 0):
 garbage-first heap   total 131072K, used 69941K [0x0000000080000000, 0x0000000100000000)
  region size 1024K, 49 young (50176K), 9 survivors (9216K)
 Metaspace       used 43095K, capacity 44297K, committed 44496K, reserved 555008K
  class space    used 5432K, capacity 5914K, committed 6016K, reserved 516096K
}
Event: 248.212 GC heap after
{Heap after GC invocations=12 (full 0):
 garbage-first heap   total 131072K, used 30882K [0x0000000080000000, 0x0000000100000000)
  region size 1024K, 3 young (3072K), 3 survivors (3072K)
 Metaspace       used 43095K, capacity 44297K, committed 44496K, reserved 555008K
  class space    used 5432K, capacity 5914K, committed 6016K, reserved 516096K
}
Event: 333.449 GC heap before
{Heap before GC invocations=12 (full 0):
 garbage-first heap   total 131072K, used 91298K [0x0000000080000000, 0x0000000100000000)
  region size 1024K, 62 young (63488K), 3 survivors (3072K)
 Metaspace       used 47806K, capacity 49099K, committed 49232K, reserved 559104K
  class space    used 6053K, capacity 6571K, committed 6656K, reserved 516096K
}
Event: 333.469 GC heap after
{Heap after GC invocations=13 (full 0):
 garbage-first heap   total 131072K, used 32542K [0x0000000080000000, 0x0000000100000000)
  region size 1024K, 5 young (5120K), 5 survivors (5120K)
 Metaspace       used 47806K, capacity 49099K, committed 49232K, reserved 559104K
  class space    used 6053K, capacity 6571K, committed 6656K, reserved 516096K
}
Event: 341.650 GC heap before
{Heap before GC invocations=13 (full 0):
 garbage-first heap   total 131072K, used 97054K [0x0000000080000000, 0x0000000100000000)
  region size 1024K, 68 young (69632K), 5 survivors (5120K)
 Metaspace       used 54411K, capacity 55880K, committed 56016K, reserved 565248K
  class space    used 7381K, capacity 7971K, committed 8064K, reserved 516096K
}
Event: 341.662 GC heap after
{Heap after GC invocations=14 (full 0):
 garbage-first heap   total 131072K, used 33802K [0x0000000080000000, 0x0000000100000000)
  region size 1024K, 6 young (6144K), 6 survivors (6144K)
 Metaspace       used 54411K, capacity 55880K, committed 56016K, reserved 565248K
  class space    used 7381K, capacity 7971K, committed 8064K, reserved 516096K
}
Event: 384.437 GC heap before
{Heap before GC invocations=14 (full 0):
 garbage-first heap   total 131072K, used 88074K [0x0000000080000000, 0x0000000100000000)
  region size 1024K, 55 young (56320K), 6 survivors (6144K)
 Metaspace       used 58494K, capacity 60102K, committed 60240K, reserved 569344K
  class space    used 7894K, capacity 8611K, committed 8704K, reserved 516096K
}
Event: 384.465 GC heap after
{Heap after GC invocations=15 (full 0):
 garbage-first heap   total 131072K, used 43486K [0x0000000080000000, 0x0000000100000000)
  region size 1024K, 7 young (7168K), 7 survivors (7168K)
 Metaspace       used 58494K, capacity 60102K, committed 60240K, reserved 569344K
  class space    used 7894K, capacity 8611K, committed 8704K, reserved 516096K
}
Event: 398.475 GC heap before
{Heap before GC invocations=16 (full 0):
 garbage-first heap   total 131072K, used 101854K [0x0000000080000000, 0x0000000100000000)
  region size 1024K, 64 young (65536K), 7 survivors (7168K)
 Metaspace       used 63357K, capacity 65129K, committed 65360K, reserved 573440K
  class space    used 8639K, capacity 9375K, committed 9472K, reserved 516096K
}
Event: 398.694 GC heap after
{Heap after GC invocations=17 (full 0):
 garbage-first heap   total 131072K, used 45860K [0x0000000080000000, 0x0000000100000000)
  region size 1024K, 6 young (6144K), 6 survivors (6144K)
 Metaspace       used 63357K, capacity 65129K, committed 65360K, reserved 573440K
  class space    used 8639K, capacity 9375K, committed 9472K, reserved 516096K
}
Event: 408.057 GC heap before
{Heap before GC invocations=17 (full 0):
 garbage-first heap   total 131072K, used 104228K [0x0000000080000000, 0x0000000100000000)
  region size 1024K, 63 young (64512K), 6 survivors (6144K)
 Metaspace       used 67790K, capacity 69599K, committed 69712K, reserved 577536K
  class space    used 9211K, capacity 9967K, committed 9984K, reserved 516096K
}
Event: 408.070 GC heap after
{Heap after GC invocations=18 (full 0):
 garbage-first heap   total 131072K, used 47882K [0x0000000080000000, 0x0000000100000000)
  region size 1024K, 5 young (5120K), 5 survivors (5120K)
 Metaspace       used 67790K, capacity 69599K, committed 69712K, reserved 577536K
  class space    used 9211K, capacity 9967K, committed 9984K, reserved 516096K
}
Event: 490.015 GC heap before
{Heap before GC invocations=18 (full 0):
 garbage-first heap   total 131072K, used 104202K [0x0000000080000000, 0x0000000100000000)
  region size 1024K, 61 young (62464K), 5 survivors (5120K)
 Metaspace       used 70753K, capacity 72731K, committed 73040K, reserved 579584K
  class space    used 9602K, capacity 10423K, committed 10496K, reserved 516096K
}
Event: 490.048 GC heap after
{Heap after GC invocations=19 (full 0):
 garbage-first heap   total 131072K, used 50529K [0x0000000080000000, 0x0000000100000000)
  region size 1024K, 7 young (7168K), 7 survivors (7168K)
 Metaspace       used 70753K, capacity 72731K, committed 73040K, reserved 579584K
  class space    used 9602K, capacity 10423K, committed 10496K, reserved 516096K
}
Event: 530.281 GC heap before
{Heap before GC invocations=19 (full 0):
 garbage-first heap   total 131072K, used 106849K [0x0000000080000000, 0x0000000100000000)
  region size 1024K, 62 young (63488K), 7 survivors (7168K)
 Metaspace       used 73636K, capacity 75824K, committed 76112K, reserved 581632K
  class space    used 10018K, capacity 10924K, committed 11008K, reserved 516096K
}
Event: 530.304 GC heap after
{Heap after GC invocations=20 (full 0):
 garbage-first heap   total 131072K, used 54298K [0x0000000080000000, 0x0000000100000000)
  region size 1024K, 7 young (7168K), 7 survivors (7168K)
 Metaspace       used 73636K, capacity 75824K, committed 76112K, reserved 581632K
  class space    used 10018K, capacity 10924K, committed 11008K, reserved 516096K
}
Event: 557.514 GC heap before
{Heap before GC invocations=20 (full 0):
 garbage-first heap   total 131072K, used 106522K [0x0000000080000000, 0x0000000100000000)
  region size 1024K, 59 young (60416K), 7 survivors (7168K)
 Metaspace       used 77712K, capacity 80104K, committed 80208K, reserved 585728K
  class space    used 10531K, capacity 11516K, committed 11520K, reserved 516096K
}
Event: 557.544 GC heap after
{Heap after GC invocations=21 (full 0):
 garbage-first heap   total 131072K, used 58397K [0x0000000080000000, 0x0000000100000000)
  region size 1024K, 8 young (8192K), 8 survivors (8192K)
 Metaspace       used 77712K, capacity 80104K, committed 80208K, reserved 585728K
  class space    used 10531K, capacity 11516K, committed 11520K, reserved 516096K
}

