# JRE version: OpenJDK Runtime Environment Microsoft-7208460 (11.0.18+10) (build 11.0.18+10-LTS)
# Java VM: OpenJDK 64-Bit Server VM Microsoft-7208460 (11.0.18+10-LTS, mixed mode, tiered, compressed oops, g1 gc, windows-amd64)
Heap:
 garbage-first heap   total 131072K, used 63488K [0x0000000080000000, 0x0000000100000000)
  region size 1024K, 6 young (6144K), 1 survivors (1024K)
 Metaspace       used 75537K, capacity 77917K, committed 78088K, reserved 583680K
  class space    used 9840K, capacity 10811K, committed 10936K, reserved 516096K
GC Heap History (20 events):
Event: 273.860 GC heap before
{Heap before GC invocations=10 (full 0):
 garbage-first heap   total 131072K, used 86561K [0x0000000080000000, 0x0000000100000000)
  region size 1024K, 65 young (66560K), 8 survivors (8192K)
 Metaspace       used 44191K, capacity 45380K, committed 45520K, reserved 557056K
  class space    used 5479K, capacity 5955K, committed 6016K, reserved 516096K
}
Event: 273.879 GC heap after
{Heap after GC invocations=11 (full 0):
 garbage-first heap   total 131072K, used 30504K [0x0000000080000000, 0x0000000100000000)
  region size 1024K, 7 young (7168K), 7 survivors (7168K)
 Metaspace       used 44191K, capacity 45380K, committed 45520K, reserved 557056K
  class space    used 5479K, capacity 5955K, committed 6016K, reserved 516096K
}
Event: 397.228 GC heap before
{Heap before GC invocations=11 (full 0):
 garbage-first heap   total 131072K, used 88872K [0x0000000080000000, 0x0000000100000000)
  region size 1024K, 64 young (65536K), 7 survivors (7168K)
 Metaspace       used 48243K, capacity 49559K, committed 49744K, reserved 561152K
  class space    used 6135K, capacity 6639K, committed 6656K, reserved 516096K
}
Event: 397.258 GC heap after
{Heap after GC invocations=12 (full 0):
 garbage-first heap   total 131072K, used 33033K [0x0000000080000000, 0x0000000100000000)
  region size 1024K, 5 young (5120K), 5 survivors (5120K)
 Metaspace       used 48243K, capacity 49559K, committed 49744K, reserved 561152K
  class space    used 6135K, capacity 6639K, committed 6656K, reserved 516096K
}
Event: 421.533 GC heap before
{Heap before GC invocations=12 (full 0):
 garbage-first heap   total 131072K, used 94473K [0x0000000080000000, 0x0000000100000000)
  region size 1024K, 63 young (64512K), 5 survivors (5120K)
 Metaspace       used 52184K, capacity 53783K, committed 54096K, reserved 563200K
  class space    used 6666K, capacity 7302K, committed 7424K, reserved 516096K
}
Event: 421.663 GC heap after
{Heap after GC invocations=13 (full 0):
 garbage-first heap   total 131072K, used 38377K [0x0000000080000000, 0x0000000100000000)
  region size 1024K, 6 young (6144K), 6 survivors (6144K)
 Metaspace       used 52184K, capacity 53783K, committed 54096K, reserved 563200K
  class space    used 6666K, capacity 7302K, committed 7424K, reserved 516096K
}
Event: 440.875 GC heap before
{Heap before GC invocations=13 (full 0):
 garbage-first heap   total 131072K, used 100841K [0x0000000080000000, 0x0000000100000000)
  region size 1024K, 63 young (64512K), 6 survivors (6144K)
 Metaspace       used 58397K, capacity 60115K, committed 60368K, reserved 569344K
  class space    used 7530K, capacity 8222K, committed 8320K, reserved 516096K
}
Event: 440.895 GC heap after
{Heap after GC invocations=14 (full 0):
 garbage-first heap   total 131072K, used 45575K [0x0000000080000000, 0x0000000100000000)
  region size 1024K, 7 young (7168K), 7 survivors (7168K)
 Metaspace       used 58397K, capacity 60115K, committed 60368K, reserved 569344K
  class space    used 7530K, capacity 8222K, committed 8320K, reserved 516096K
}
Event: 448.886 GC heap before
{Heap before GC invocations=14 (full 0):
 garbage-first heap   total 131072K, used 100871K [0x0000000080000000, 0x0000000100000000)
  region size 1024K, 61 young (62464K), 7 survivors (7168K)
 Metaspace       used 62638K, capacity 64480K, committed 64848K, reserved 573440K
  class space    used 8103K, capacity 8844K, committed 8960K, reserved 516096K
}
Event: 448.897 GC heap after
{Heap after GC invocations=15 (full 0):
 garbage-first heap   total 131072K, used 47417K [0x0000000080000000, 0x0000000100000000)
  region size 1024K, 6 young (6144K), 6 survivors (6144K)
 Metaspace       used 62638K, capacity 64480K, committed 64848K, reserved 573440K
  class space    used 8103K, capacity 8844K, committed 8960K, reserved 516096K
}
Event: 469.295 GC heap before
{Heap before GC invocations=15 (full 0):
 garbage-first heap   total 131072K, used 103737K [0x0000000080000000, 0x0000000100000000)
  region size 1024K, 61 young (62464K), 6 survivors (6144K)
 Metaspace       used 66306K, capacity 68171K, committed 68304K, reserved 575488K
  class space    used 8547K, capacity 9317K, committed 9344K, reserved 516096K
}
Event: 469.317 GC heap after
{Heap after GC invocations=16 (full 0):
 garbage-first heap   total 131072K, used 50144K [0x0000000080000000, 0x0000000100000000)
  region size 1024K, 5 young (5120K), 5 survivors (5120K)
 Metaspace       used 66306K, capacity 68171K, committed 68304K, reserved 575488K
  class space    used 8547K, capacity 9317K, committed 9344K, reserved 516096K
}
Event: 475.776 GC heap before
{Heap before GC invocations=16 (full 0):
 garbage-first heap   total 131072K, used 79840K [0x0000000080000000, 0x0000000100000000)
  region size 1024K, 35 young (35840K), 5 survivors (5120K)
 Metaspace       used 67830K, capacity 69812K, committed 69896K, reserved 577536K
  class space    used 8781K, capacity 9607K, committed 9656K, reserved 516096K
}
Event: 475.805 GC heap after
{Heap after GC invocations=17 (full 0):
 garbage-first heap   total 131072K, used 52036K [0x0000000080000000, 0x0000000100000000)
  region size 1024K, 5 young (5120K), 5 survivors (5120K)
 Metaspace       used 67830K, capacity 69812K, committed 69896K, reserved 577536K
  class space    used 8781K, capacity 9607K, committed 9656K, reserved 516096K
}
Event: 532.172 GC heap before
{Heap before GC invocations=18 (full 0):
 garbage-first heap   total 131072K, used 105284K [0x0000000080000000, 0x0000000100000000)
  region size 1024K, 57 young (58368K), 5 survivors (5120K)
 Metaspace       used 70430K, capacity 72653K, committed 72968K, reserved 579584K
  class space    used 9143K, capacity 10046K, committed 10168K, reserved 516096K
}
Event: 532.187 GC heap after
{Heap after GC invocations=19 (full 0):
 garbage-first heap   total 131072K, used 55488K [0x0000000080000000, 0x0000000100000000)
  region size 1024K, 8 young (8192K), 8 survivors (8192K)
 Metaspace       used 70430K, capacity 72653K, committed 72968K, reserved 579584K
  class space    used 9143K, capacity 10046K, committed 10168K, reserved 516096K
}
Event: 544.969 GC heap before
{Heap before GC invocations=19 (full 0):
 garbage-first heap   total 131072K, used 105664K [0x0000000080000000, 0x0000000100000000)
  region size 1024K, 58 young (59392K), 8 survivors (8192K)
 Metaspace       used 74468K, capacity 76768K, committed 77064K, reserved 583680K
  class space    used 9658K, capacity 10603K, committed 10680K, reserved 516096K
}
Event: 545.811 GC heap after
{Heap after GC invocations=20 (full 0):
 garbage-first heap   total 131072K, used 58283K [0x0000000080000000, 0x0000000100000000)
  region size 1024K, 7 young (7168K), 7 survivors (7168K)
 Metaspace       used 74468K, capacity 76768K, committed 77064K, reserved 583680K
  class space    used 9658K, capacity 10603K, committed 10680K, reserved 516096K
}
Event: 545.881 GC heap before
{Heap before GC invocations=20 (full 0):
 garbage-first heap   total 131072K, used 59307K [0x0000000080000000, 0x0000000100000000)
  region size 1024K, 8 young (8192K), 7 survivors (7168K)
 Metaspace       used 74603K, capacity 76928K, committed 77064K, reserved 583680K
  class space    used 9688K, capacity 10635K, committed 10680K, reserved 516096K
}
Event: 546.052 GC heap after
{Heap after GC invocations=21 (full 0):
 garbage-first heap   total 131072K, used 59392K [0x0000000080000000, 0x0000000100000000)
  region size 1024K, 1 young (1024K), 1 survivors (1024K)
 Metaspace       used 74603K, capacity 76928K, committed 77064K, reserved 583680K
  class space    used 9688K, capacity 10635K, committed 10680K, reserved 516096K
}

