# JRE version: OpenJDK Runtime Environment Microsoft-7208460 (11.0.18+10) (build 11.0.18+10-LTS)
# Java VM: OpenJDK 64-Bit Server VM Microsoft-7208460 (11.0.18+10-LTS, mixed mode, tiered, compressed oops, g1 gc, windows-amd64)
Heap:
 garbage-first heap   total 131072K, used 64441K [0x0000000080000000, 0x0000000100000000)
  region size 1024K, 10 young (10240K), 1 survivors (1024K)
 Metaspace       used 75549K, capacity 77967K, committed 78288K, reserved 583680K
  class space    used 9836K, capacity 10808K, committed 10880K, reserved 516096K
GC Heap History (20 events):
Event: 504.664 GC heap before
{Heap before GC invocations=20 (full 0):
 garbage-first heap   total 131072K, used 91193K [0x0000000080000000, 0x0000000100000000)
  region size 1024K, 44 young (45056K), 4 survivors (4096K)
 Metaspace       used 70005K, capacity 72152K, committed 72272K, reserved 579584K
  class space    used 9075K, capacity 9965K, committed 9984K, reserved 516096K
}
Event: 506.185 GC heap after
{Heap after GC invocations=21 (full 0):
 garbage-first heap   total 131072K, used 53448K [0x0000000080000000, 0x0000000100000000)
  region size 1024K, 4 young (4096K), 4 survivors (4096K)
 Metaspace       used 70005K, capacity 72152K, committed 72272K, reserved 579584K
  class space    used 9075K, capacity 9965K, committed 9984K, reserved 516096K
}
Event: 512.172 GC heap before
{Heap before GC invocations=21 (full 0):
 garbage-first heap   total 131072K, used 55496K [0x0000000080000000, 0x0000000100000000)
  region size 1024K, 6 young (6144K), 4 survivors (4096K)
 Metaspace       used 70217K, capacity 72388K, committed 72656K, reserved 579584K
  class space    used 9112K, capacity 10023K, committed 10112K, reserved 516096K
}
Event: 515.292 GC heap after
{Heap after GC invocations=22 (full 0):
 garbage-first heap   total 131072K, used 53928K [0x0000000080000000, 0x0000000100000000)
  region size 1024K, 1 young (1024K), 1 survivors (1024K)
 Metaspace       used 70217K, capacity 72388K, committed 72656K, reserved 579584K
  class space    used 9112K, capacity 10023K, committed 10112K, reserved 516096K
}
Event: 521.871 GC heap before
{Heap before GC invocations=22 (full 0):
 garbage-first heap   total 131072K, used 59048K [0x0000000080000000, 0x0000000100000000)
  region size 1024K, 6 young (6144K), 1 survivors (1024K)
 Metaspace       used 70732K, capacity 72873K, committed 72912K, reserved 579584K
  class space    used 9196K, capacity 10079K, committed 10112K, reserved 516096K
}
Event: 521.874 GC heap after
{Heap after GC invocations=23 (full 0):
 garbage-first heap   total 131072K, used 53816K [0x0000000080000000, 0x0000000100000000)
  region size 1024K, 1 young (1024K), 1 survivors (1024K)
 Metaspace       used 70732K, capacity 72873K, committed 72912K, reserved 579584K
  class space    used 9196K, capacity 10079K, committed 10112K, reserved 516096K
}
Event: 528.333 GC heap before
{Heap before GC invocations=23 (full 0):
 garbage-first heap   total 131072K, used 57912K [0x0000000080000000, 0x0000000100000000)
  region size 1024K, 6 young (6144K), 1 survivors (1024K)
 Metaspace       used 70837K, capacity 73020K, committed 73168K, reserved 579584K
  class space    used 9204K, capacity 10082K, committed 10112K, reserved 516096K
}
Event: 528.337 GC heap after
{Heap after GC invocations=24 (full 0):
 garbage-first heap   total 131072K, used 54244K [0x0000000080000000, 0x0000000100000000)
  region size 1024K, 1 young (1024K), 1 survivors (1024K)
 Metaspace       used 70837K, capacity 73020K, committed 73168K, reserved 579584K
  class space    used 9204K, capacity 10082K, committed 10112K, reserved 516096K
}
Event: 528.774 GC heap before
{Heap before GC invocations=24 (full 0):
 garbage-first heap   total 131072K, used 59364K [0x0000000080000000, 0x0000000100000000)
  region size 1024K, 6 young (6144K), 1 survivors (1024K)
 Metaspace       used 71107K, capacity 73308K, committed 73552K, reserved 579584K
  class space    used 9232K, capacity 10114K, committed 10240K, reserved 516096K
}
Event: 528.783 GC heap after
{Heap after GC invocations=25 (full 0):
 garbage-first heap   total 131072K, used 54774K [0x0000000080000000, 0x0000000100000000)
  region size 1024K, 1 young (1024K), 1 survivors (1024K)
 Metaspace       used 71107K, capacity 73308K, committed 73552K, reserved 579584K
  class space    used 9232K, capacity 10114K, committed 10240K, reserved 516096K
}
Event: 529.728 GC heap before
{Heap before GC invocations=25 (full 0):
 garbage-first heap   total 131072K, used 59894K [0x0000000080000000, 0x0000000100000000)
  region size 1024K, 6 young (6144K), 1 survivors (1024K)
 Metaspace       used 71489K, capacity 73692K, committed 73808K, reserved 581632K
  class space    used 9287K, capacity 10178K, committed 10240K, reserved 516096K
}
Event: 529.734 GC heap after
{Heap after GC invocations=26 (full 0):
 garbage-first heap   total 131072K, used 54928K [0x0000000080000000, 0x0000000100000000)
  region size 1024K, 1 young (1024K), 1 survivors (1024K)
 Metaspace       used 71489K, capacity 73692K, committed 73808K, reserved 581632K
  class space    used 9287K, capacity 10178K, committed 10240K, reserved 516096K
}
Event: 530.265 GC heap before
{Heap before GC invocations=26 (full 0):
 garbage-first heap   total 131072K, used 60048K [0x0000000080000000, 0x0000000100000000)
  region size 1024K, 6 young (6144K), 1 survivors (1024K)
 Metaspace       used 71818K, capacity 73980K, committed 74064K, reserved 581632K
  class space    used 9318K, capacity 10210K, committed 10240K, reserved 516096K
}
Event: 530.267 GC heap after
{Heap after GC invocations=27 (full 0):
 garbage-first heap   total 131072K, used 55190K [0x0000000080000000, 0x0000000100000000)
  region size 1024K, 1 young (1024K), 1 survivors (1024K)
 Metaspace       used 71818K, capacity 73980K, committed 74064K, reserved 581632K
  class space    used 9318K, capacity 10210K, committed 10240K, reserved 516096K
}
Event: 531.036 GC heap before
{Heap before GC invocations=27 (full 0):
 garbage-first heap   total 131072K, used 62358K [0x0000000080000000, 0x0000000100000000)
  region size 1024K, 8 young (8192K), 1 survivors (1024K)
 Metaspace       used 72404K, capacity 74524K, committed 74704K, reserved 581632K
  class space    used 9368K, capacity 10242K, committed 10368K, reserved 516096K
}
Event: 531.040 GC heap after
{Heap after GC invocations=28 (full 0):
 garbage-first heap   total 131072K, used 55816K [0x0000000080000000, 0x0000000100000000)
  region size 1024K, 1 young (1024K), 1 survivors (1024K)
 Metaspace       used 72404K, capacity 74524K, committed 74704K, reserved 581632K
  class space    used 9368K, capacity 10242K, committed 10368K, reserved 516096K
}
Event: 533.811 GC heap before
{Heap before GC invocations=28 (full 0):
 garbage-first heap   total 131072K, used 64008K [0x0000000080000000, 0x0000000100000000)
  region size 1024K, 9 young (9216K), 1 survivors (1024K)
 Metaspace       used 72908K, capacity 75061K, committed 75216K, reserved 581632K
  class space    used 9428K, capacity 10354K, committed 10368K, reserved 516096K
}
Event: 533.818 GC heap after
{Heap after GC invocations=29 (full 0):
 garbage-first heap   total 131072K, used 57055K [0x0000000080000000, 0x0000000100000000)
  region size 1024K, 2 young (2048K), 2 survivors (2048K)
 Metaspace       used 72908K, capacity 75061K, committed 75216K, reserved 581632K
  class space    used 9428K, capacity 10354K, committed 10368K, reserved 516096K
}
Event: 536.236 GC heap before
{Heap before GC invocations=29 (full 0):
 garbage-first heap   total 131072K, used 66271K [0x0000000080000000, 0x0000000100000000)
  region size 1024K, 11 young (11264K), 2 survivors (2048K)
 Metaspace       used 73992K, capacity 76288K, committed 76496K, reserved 583680K
  class space    used 9585K, capacity 10521K, committed 10624K, reserved 516096K
}
Event: 536.244 GC heap after
{Heap after GC invocations=30 (full 0):
 garbage-first heap   total 131072K, used 57273K [0x0000000080000000, 0x0000000100000000)
  region size 1024K, 1 young (1024K), 1 survivors (1024K)
 Metaspace       used 73992K, capacity 76288K, committed 76496K, reserved 583680K
  class space    used 9585K, capacity 10521K, committed 10624K, reserved 516096K
}

