# JRE version: OpenJDK Runtime Environment Microsoft-7208460 (11.0.18+10) (build 11.0.18+10-LTS)
# Java VM: OpenJDK 64-Bit Server VM Microsoft-7208460 (11.0.18+10-LTS, mixed mode, tiered, compressed oops, g1 gc, windows-amd64)
Heap:
 garbage-first heap   total 131072K, used 96098K [0x0000000080000000, 0x0000000100000000)
  region size 1024K, 49 young (50176K), 4 survivors (4096K)
 Metaspace       used 69643K, capacity 71767K, committed 72016K, reserved 579584K
  class space    used 9004K, capacity 9874K, committed 9984K, reserved 516096K
GC Heap History (20 events):
Event: 101.441 GC heap before
{Heap before GC invocations=7 (full 0):
 garbage-first heap   total 131072K, used 71263K [0x0000000080000000, 0x0000000100000000)
  region size 1024K, 53 young (54272K), 3 survivors (3072K)
 Metaspace       used 29903K, capacity 30612K, committed 30768K, reserved 542720K
  class space    used 3897K, capacity 4176K, committed 4224K, reserved 516096K
}
Event: 101.447 GC heap after
{Heap after GC invocations=8 (full 0):
 garbage-first heap   total 131072K, used 21908K [0x0000000080000000, 0x0000000100000000)
  region size 1024K, 5 young (5120K), 5 survivors (5120K)
 Metaspace       used 29903K, capacity 30612K, committed 30768K, reserved 542720K
  class space    used 3897K, capacity 4176K, committed 4224K, reserved 516096K
}
Event: 111.739 GC heap before
{Heap before GC invocations=8 (full 0):
 garbage-first heap   total 131072K, used 52628K [0x0000000080000000, 0x0000000100000000)
  region size 1024K, 36 young (36864K), 5 survivors (5120K)
 Metaspace       used 34923K, capacity 35742K, committed 35920K, reserved 548864K
  class space    used 4438K, capacity 4780K, committed 4864K, reserved 516096K
}
Event: 111.755 GC heap after
{Heap after GC invocations=9 (full 0):
 garbage-first heap   total 131072K, used 24085K [0x0000000080000000, 0x0000000100000000)
  region size 1024K, 7 young (7168K), 7 survivors (7168K)
 Metaspace       used 34923K, capacity 35742K, committed 35920K, reserved 548864K
  class space    used 4438K, capacity 4780K, committed 4864K, reserved 516096K
}
Event: 142.879 GC heap before
{Heap before GC invocations=10 (full 0):
 garbage-first heap   total 131072K, used 87573K [0x0000000080000000, 0x0000000100000000)
  region size 1024K, 67 young (68608K), 7 survivors (7168K)
 Metaspace       used 41009K, capacity 42064K, committed 42192K, reserved 552960K
  class space    used 5126K, capacity 5495K, committed 5504K, reserved 516096K
}
Event: 142.901 GC heap after
{Heap after GC invocations=11 (full 0):
 garbage-first heap   total 131072K, used 29053K [0x0000000080000000, 0x0000000100000000)
  region size 1024K, 9 young (9216K), 9 survivors (9216K)
 Metaspace       used 41009K, capacity 42064K, committed 42192K, reserved 552960K
  class space    used 5126K, capacity 5495K, committed 5504K, reserved 516096K
}
Event: 259.035 GC heap before
{Heap before GC invocations=12 (full 0):
 garbage-first heap   total 131072K, used 91517K [0x0000000080000000, 0x0000000100000000)
  region size 1024K, 69 young (70656K), 9 survivors (9216K)
 Metaspace       used 44784K, capacity 45987K, committed 46160K, reserved 557056K
  class space    used 5581K, capacity 6093K, committed 6144K, reserved 516096K
}
Event: 259.056 GC heap after
{Heap after GC invocations=13 (full 0):
 garbage-first heap   total 131072K, used 31173K [0x0000000080000000, 0x0000000100000000)
  region size 1024K, 4 young (4096K), 4 survivors (4096K)
 Metaspace       used 44784K, capacity 45987K, committed 46160K, reserved 557056K
  class space    used 5581K, capacity 6093K, committed 6144K, reserved 516096K
}
Event: 341.667 GC heap before
{Heap before GC invocations=13 (full 0):
 garbage-first heap   total 131072K, used 92613K [0x0000000080000000, 0x0000000100000000)
  region size 1024K, 64 young (65536K), 4 survivors (4096K)
 Metaspace       used 49301K, capacity 50663K, committed 50768K, reserved 561152K
  class space    used 6281K, capacity 6813K, committed 6912K, reserved 516096K
}
Event: 341.687 GC heap after
{Heap after GC invocations=14 (full 0):
 garbage-first heap   total 131072K, used 33050K [0x0000000080000000, 0x0000000100000000)
  region size 1024K, 6 young (6144K), 6 survivors (6144K)
 Metaspace       used 49301K, capacity 50663K, committed 50768K, reserved 561152K
  class space    used 6281K, capacity 6813K, committed 6912K, reserved 516096K
}
Event: 392.889 GC heap before
{Heap before GC invocations=14 (full 0):
 garbage-first heap   total 131072K, used 102682K [0x0000000080000000, 0x0000000100000000)
  region size 1024K, 68 young (69632K), 6 survivors (6144K)
 Metaspace       used 52840K, capacity 54423K, committed 54608K, reserved 565248K
  class space    used 6731K, capacity 7386K, committed 7424K, reserved 516096K
}
Event: 392.909 GC heap after
{Heap after GC invocations=15 (full 0):
 garbage-first heap   total 131072K, used 42265K [0x0000000080000000, 0x0000000100000000)
  region size 1024K, 6 young (6144K), 6 survivors (6144K)
 Metaspace       used 52840K, capacity 54423K, committed 54608K, reserved 565248K
  class space    used 6731K, capacity 7386K, committed 7424K, reserved 516096K
}
Event: 406.369 GC heap before
{Heap before GC invocations=15 (full 0):
 garbage-first heap   total 131072K, used 101657K [0x0000000080000000, 0x0000000100000000)
  region size 1024K, 64 young (65536K), 6 survivors (6144K)
 Metaspace       used 59054K, capacity 60758K, committed 60880K, reserved 569344K
  class space    used 7601K, capacity 8285K, committed 8320K, reserved 516096K
}
Event: 406.381 GC heap after
{Heap after GC invocations=16 (full 0):
 garbage-first heap   total 131072K, used 44640K [0x0000000080000000, 0x0000000100000000)
  region size 1024K, 6 young (6144K), 6 survivors (6144K)
 Metaspace       used 59054K, capacity 60758K, committed 60880K, reserved 569344K
  class space    used 7601K, capacity 8285K, committed 8320K, reserved 516096K
}
Event: 417.698 GC heap before
{Heap before GC invocations=16 (full 0):
 garbage-first heap   total 131072K, used 104032K [0x0000000080000000, 0x0000000100000000)
  region size 1024K, 64 young (65536K), 6 survivors (6144K)
 Metaspace       used 63717K, capacity 65570K, committed 65744K, reserved 573440K
  class space    used 8221K, capacity 8971K, committed 9088K, reserved 516096K
}
Event: 417.714 GC heap after
{Heap after GC invocations=17 (full 0):
 garbage-first heap   total 131072K, used 47007K [0x0000000080000000, 0x0000000100000000)
  region size 1024K, 5 young (5120K), 5 survivors (5120K)
 Metaspace       used 63717K, capacity 65570K, committed 65744K, reserved 573440K
  class space    used 8221K, capacity 8971K, committed 9088K, reserved 516096K
}
Event: 475.596 GC heap before
{Heap before GC invocations=17 (full 0):
 garbage-first heap   total 131072K, used 104351K [0x0000000080000000, 0x0000000100000000)
  region size 1024K, 61 young (62464K), 5 survivors (5120K)
 Metaspace       used 67049K, capacity 68961K, committed 69200K, reserved 577536K
  class space    used 8652K, capacity 9428K, committed 9472K, reserved 516096K
}
Event: 475.613 GC heap after
{Heap after GC invocations=18 (full 0):
 garbage-first heap   total 131072K, used 49702K [0x0000000080000000, 0x0000000100000000)
  region size 1024K, 5 young (5120K), 5 survivors (5120K)
 Metaspace       used 67049K, capacity 68961K, committed 69200K, reserved 577536K
  class space    used 8652K, capacity 9428K, committed 9472K, reserved 516096K
}
Event: 482.804 GC heap before
{Heap before GC invocations=18 (full 0):
 garbage-first heap   total 131072K, used 71206K [0x0000000080000000, 0x0000000100000000)
  region size 1024K, 27 young (27648K), 5 survivors (5120K)
 Metaspace       used 68119K, capacity 70101K, committed 70224K, reserved 577536K
  class space    used 8822K, capacity 9655K, committed 9728K, reserved 516096K
}
Event: 482.820 GC heap after
{Heap after GC invocations=19 (full 0):
 garbage-first heap   total 131072K, used 51042K [0x0000000080000000, 0x0000000100000000)
  region size 1024K, 4 young (4096K), 4 survivors (4096K)
 Metaspace       used 68119K, capacity 70101K, committed 70224K, reserved 577536K
  class space    used 8822K, capacity 9655K, committed 9728K, reserved 516096K
}

